  BaseModel.cpp
  Camera.cpp
\\stuhome\homedrive5$\1503395\github\visibility-buffer-sem2\vulkanproject\vulkanproject\camera.cpp(40): warning C4244: 'initializing': conversion from 'double' to 'float', possible loss of data
\\stuhome\homedrive5$\1503395\github\visibility-buffer-sem2\vulkanproject\vulkanproject\camera.cpp(41): warning C4244: 'initializing': conversion from 'double' to 'float', possible loss of data
  imgui.cpp
  ImGUIInterface.cpp
\\stuhome\homedrive5$\1503395\github\visibility-buffer-sem2\vulkanproject\vulkanproject\imguiinterface.cpp(83): warning C4244: 'argument': conversion from 'VkDeviceSize' to '::size_t', possible loss of data
\\stuhome\homedrive5$\1503395\github\visibility-buffer-sem2\vulkanproject\vulkanproject\imguiinterface.cpp(394): warning C4244: 'initializing': conversion from 'double' to 'float', possible loss of data
\\stuhome\homedrive5$\1503395\github\visibility-buffer-sem2\vulkanproject\vulkanproject\imguiinterface.cpp(407): warning C4244: 'initializing': conversion from 'double' to 'float', possible loss of data
\\stuhome\homedrive5$\1503395\github\visibility-buffer-sem2\vulkanproject\vulkanproject\imguiinterface.cpp(427): warning C4244: 'argument': conversion from 'double' to 'float', possible loss of data
\\stuhome\homedrive5$\1503395\github\visibility-buffer-sem2\vulkanproject\vulkanproject\imguiinterface.cpp(439): warning C4244: 'argument': conversion from 'double' to 'float', possible loss of data
\\stuhome\homedrive5$\1503395\github\visibility-buffer-sem2\vulkanproject\vulkanproject\imguiinterface.cpp(465): warning C4244: 'argument': conversion from 'double' to 'float', possible loss of data
\\stuhome\homedrive5$\1503395\github\visibility-buffer-sem2\vulkanproject\vulkanproject\imguiinterface.cpp(468): warning C4018: '<': signed/unsigned mismatch
\\stuhome\homedrive5$\1503395\github\visibility-buffer-sem2\vulkanproject\vulkanproject\imguiinterface.cpp(488): warning C4244: 'argument': conversion from 'double' to 'float', possible loss of data
\\stuhome\homedrive5$\1503395\github\visibility-buffer-sem2\vulkanproject\vulkanproject\imguiinterface.cpp(493): warning C4018: '<': signed/unsigned mismatch
  imgui_demo.cpp
  imgui_draw.cpp
  imgui_widgets.cpp
  ImportedModel.cpp
  Main.cpp
\\stuhome\homedrive5$\1503395\github\visibility-buffer-sem2\vulkanproject\vulkanproject\visibilitybuffer.h(12): warning C4005: 'TEX_DIMENSIONS': macro redefinition
  \\stuhome\homedrive5$\1503395\github\visibility-buffer-sem2\vulkanproject\vulkanproject\vulkandeferredapplication.h(12): note: see previous definition of 'TEX_DIMENSIONS'
  Plane.cpp
  PlaneMesh.cpp
  Renderer.cpp
\\stuhome\homedrive5$\1503395\github\visibility-buffer-sem2\vulkanproject\vulkanproject\renderer.cpp(60): warning C4018: '<': signed/unsigned mismatch
\\stuhome\homedrive5$\1503395\github\visibility-buffer-sem2\vulkanproject\vulkanproject\renderer.cpp(68): warning C4018: '<': signed/unsigned mismatch
\\stuhome\homedrive5$\1503395\github\visibility-buffer-sem2\vulkanproject\vulkanproject\renderer.cpp(135): warning C4244: 'argument': conversion from 'VkDeviceSize' to '::size_t', possible loss of data
  Shared.cpp
\\stuhome\homedrive5$\1503395\github\visibility-buffer-sem2\vulkanproject\vulkanproject\shared.cpp(108): warning C4244: 'initializing': conversion from 'std::streamoff' to '::size_t', possible loss of data
  ToolFunctions.cpp
  VisibilityBuffer.cpp
\\stuhome\homedrive5$\1503395\github\visibility-buffer-sem2\vulkanproject\vulkanproject\visibilitybuffer.cpp(141): warning C4018: '<': signed/unsigned mismatch
\\stuhome\homedrive5$\1503395\github\visibility-buffer-sem2\vulkanproject\vulkanproject\visibilitybuffer.cpp(256): warning C4018: '<': signed/unsigned mismatch
\\stuhome\homedrive5$\1503395\github\visibility-buffer-sem2\vulkanproject\vulkanproject\visibilitybuffer.cpp(590): warning C4244: 'initializing': conversion from 'const VkDeviceSize' to '::size_t', possible loss of data
\\stuhome\homedrive5$\1503395\github\visibility-buffer-sem2\vulkanproject\vulkanproject\visibilitybuffer.cpp(1634): warning C4244: 'argument': conversion from 'double' to 'float', possible loss of data
\\stuhome\homedrive5$\1503395\github\visibility-buffer-sem2\vulkanproject\vulkanproject\visibilitybuffer.cpp(1714): warning C4244: '=': conversion from '__int64' to 'double', possible loss of data
\\stuhome\homedrive5$\1503395\github\visibility-buffer-sem2\vulkanproject\vulkanproject\visibilitybuffer.cpp(1715): warning C4244: '=': conversion from '__int64' to 'double', possible loss of data
\\stuhome\homedrive5$\1503395\github\visibility-buffer-sem2\vulkanproject\vulkanproject\visibilitybuffer.cpp(1716): warning C4244: '=': conversion from '__int64' to 'double', possible loss of data
\\stuhome\homedrive5$\1503395\github\visibility-buffer-sem2\vulkanproject\vulkanproject\visibilitybuffer.cpp(1717): warning C4244: '=': conversion from '__int64' to 'double', possible loss of data
\\stuhome\homedrive5$\1503395\github\visibility-buffer-sem2\vulkanproject\vulkanproject\visibilitybuffer.cpp(1745): warning C4244: '=': conversion from '__int64' to 'double', possible loss of data
\\stuhome\homedrive5$\1503395\github\visibility-buffer-sem2\vulkanproject\vulkanproject\visibilitybuffer.cpp(1746): warning C4244: '=': conversion from '__int64' to 'double', possible loss of data
\\stuhome\homedrive5$\1503395\github\visibility-buffer-sem2\vulkanproject\vulkanproject\visibilitybuffer.cpp(1747): warning C4244: '=': conversion from '__int64' to 'double', possible loss of data
\\stuhome\homedrive5$\1503395\github\visibility-buffer-sem2\vulkanproject\vulkanproject\visibilitybuffer.cpp(1748): warning C4244: '=': conversion from '__int64' to 'double', possible loss of data
  VulkanDeferredApplication.cpp
\\stuhome\homedrive5$\1503395\github\visibility-buffer-sem2\vulkanproject\vulkanproject\vulkandeferredapplication.cpp(63): warning C4244: 'argument': conversion from 'double' to 'float', possible loss of data
\\stuhome\homedrive5$\1503395\github\visibility-buffer-sem2\vulkanproject\vulkanproject\vulkandeferredapplication.cpp(158): warning C4018: '<': signed/unsigned mismatch
\\stuhome\homedrive5$\1503395\github\visibility-buffer-sem2\vulkanproject\vulkanproject\vulkandeferredapplication.cpp(205): warning C4244: '=': conversion from '__int64' to 'double', possible loss of data
\\stuhome\homedrive5$\1503395\github\visibility-buffer-sem2\vulkanproject\vulkanproject\vulkandeferredapplication.cpp(206): warning C4244: '=': conversion from '__int64' to 'double', possible loss of data
\\stuhome\homedrive5$\1503395\github\visibility-buffer-sem2\vulkanproject\vulkanproject\vulkandeferredapplication.cpp(207): warning C4244: '=': conversion from '__int64' to 'double', possible loss of data
\\stuhome\homedrive5$\1503395\github\visibility-buffer-sem2\vulkanproject\vulkanproject\vulkandeferredapplication.cpp(208): warning C4244: '=': conversion from '__int64' to 'double', possible loss of data
\\stuhome\homedrive5$\1503395\github\visibility-buffer-sem2\vulkanproject\vulkanproject\vulkandeferredapplication.cpp(245): warning C4244: '=': conversion from '__int64' to 'double', possible loss of data
\\stuhome\homedrive5$\1503395\github\visibility-buffer-sem2\vulkanproject\vulkanproject\vulkandeferredapplication.cpp(246): warning C4244: '=': conversion from '__int64' to 'double', possible loss of data
\\stuhome\homedrive5$\1503395\github\visibility-buffer-sem2\vulkanproject\vulkanproject\vulkandeferredapplication.cpp(247): warning C4244: '=': conversion from '__int64' to 'double', possible loss of data
\\stuhome\homedrive5$\1503395\github\visibility-buffer-sem2\vulkanproject\vulkanproject\vulkandeferredapplication.cpp(248): warning C4244: '=': conversion from '__int64' to 'double', possible loss of data
\\stuhome\homedrive5$\1503395\github\visibility-buffer-sem2\vulkanproject\vulkanproject\vulkandeferredapplication.cpp(613): warning C4018: '<': signed/unsigned mismatch
\\stuhome\homedrive5$\1503395\github\visibility-buffer-sem2\vulkanproject\vulkanproject\vulkandeferredapplication.cpp(727): warning C4244: 'initializing': conversion from 'const VkDeviceSize' to '::size_t', possible loss of data
  Window.cpp
\\stuhome\homedrive5$\1503395\github\visibility-buffer-sem2\vulkanproject\vulkanproject\window.cpp(344): warning C4552: '|': operator has no effect; expected operator with side-effect
\\stuhome\homedrive5$\1503395\github\visibility-buffer-sem2\vulkanproject\vulkanproject\window.cpp(594): warning C4018: '<': signed/unsigned mismatch
\\stuhome\homedrive5$\1503395\github\visibility-buffer-sem2\vulkanproject\vulkanproject\window.cpp(1722): warning C4018: '<': signed/unsigned mismatch
  Generating Code...
\\stuhome\homedrive5$\1503395\github\visibility-buffer-sem2\vulkanproject\vulkanproject\renderer.cpp(385): warning C4715: 'Renderer::_GetMemoryType': not all control paths return a value
  LINK : \\StuHome\HomeDrive5$\1503395\GitHub\Visibility-Buffer-Sem2\VulkanProject\Debug\VulkanProject.exe not found or not built by the last incremental link; performing full link
LINK : warning LNK4098: defaultlib 'MSVCRT' conflicts with use of other libs; use /NODEFAULTLIB:library
  VulkanProject.vcxproj -> \\StuHome\HomeDrive5$\1503395\GitHub\Visibility-Buffer-Sem2\VulkanProject\Debug\VulkanProject.exe
