  BaseModel.cpp
  Camera.cpp
c:\users\liam maclean\documents\github\visibility-buffer-sem2\vulkanproject\vulkanproject\camera.cpp(40): warning C4244: 'initializing': conversion from 'double' to 'float', possible loss of data
c:\users\liam maclean\documents\github\visibility-buffer-sem2\vulkanproject\vulkanproject\camera.cpp(41): warning C4244: 'initializing': conversion from 'double' to 'float', possible loss of data
  ImportedModel.cpp
  Main.cpp
  Plane.cpp
  PlaneMesh.cpp
  Renderer.cpp
c:\users\liam maclean\documents\github\visibility-buffer-sem2\vulkanproject\vulkanproject\renderer.cpp(45): warning C4018: '<': signed/unsigned mismatch
c:\users\liam maclean\documents\github\visibility-buffer-sem2\vulkanproject\vulkanproject\renderer.cpp(53): warning C4018: '<': signed/unsigned mismatch
  Shared.cpp
c:\users\liam maclean\documents\github\visibility-buffer-sem2\vulkanproject\vulkanproject\shared.cpp(108): warning C4244: 'initializing': conversion from 'std::streamoff' to 'size_t', possible loss of data
  VisibilityBuffer.cpp
c:\users\liam maclean\documents\github\visibility-buffer-sem2\vulkanproject\vulkanproject\visibilitybuffer.cpp(249): warning C4244: 'initializing': conversion from 'const VkDeviceSize' to 'size_t', possible loss of data
  VulkanDeferredApplication.cpp
c:\users\liam maclean\documents\github\visibility-buffer-sem2\vulkanproject\vulkanproject\vulkandeferredapplication.cpp(523): warning C4244: 'initializing': conversion from 'const VkDeviceSize' to 'size_t', possible loss of data
c:\users\liam maclean\documents\github\visibility-buffer-sem2\vulkanproject\vulkanproject\vulkandeferredapplication.cpp(967): warning C4018: '<': signed/unsigned mismatch
  Window.cpp
c:\users\liam maclean\documents\github\visibility-buffer-sem2\vulkanproject\vulkanproject\window.cpp(315): warning C4552: '|': result of expression not used
c:\users\liam maclean\documents\github\visibility-buffer-sem2\vulkanproject\vulkanproject\window.cpp(565): warning C4018: '<': signed/unsigned mismatch
c:\users\liam maclean\documents\github\visibility-buffer-sem2\vulkanproject\vulkanproject\window.cpp(1564): warning C4018: '<': signed/unsigned mismatch
  Generating code
c:\users\liam maclean\documents\github\visibility-buffer-sem2\vulkanproject\vulkanproject\renderer.cpp(329): warning C4715: 'Renderer::_GetMemoryType': not all control paths return a value
  3648 of 3691 functions (98.8%) were compiled, the rest were copied from previous compilation.
    12 functions were new in current compilation
    0 functions had inline decision re-evaluated but remain unchanged
  Finished generating code
  VulkanProject.vcxproj -> C:\Users\Liam Maclean\Documents\GitHub\Visibility-Buffer-Sem2\VulkanProject\Release\VulkanProject.exe
