\\stuhome\homedrive5$\1503395\github\visibility-buffer-sem2\vulkanproject\vulkanproject\release\vc141.pdb
\\stuhome\homedrive5$\1503395\github\visibility-buffer-sem2\vulkanproject\vulkanproject\release\window.obj
\\stuhome\homedrive5$\1503395\github\visibility-buffer-sem2\vulkanproject\vulkanproject\release\vulkandeferredapplication.obj
\\stuhome\homedrive5$\1503395\github\visibility-buffer-sem2\vulkanproject\vulkanproject\release\visibilitybuffer.obj
\\stuhome\homedrive5$\1503395\github\visibility-buffer-sem2\vulkanproject\vulkanproject\release\toolfunctions.obj
\\stuhome\homedrive5$\1503395\github\visibility-buffer-sem2\vulkanproject\vulkanproject\release\shared.obj
\\stuhome\homedrive5$\1503395\github\visibility-buffer-sem2\vulkanproject\vulkanproject\release\renderer.obj
\\stuhome\homedrive5$\1503395\github\visibility-buffer-sem2\vulkanproject\vulkanproject\release\planemesh.obj
\\stuhome\homedrive5$\1503395\github\visibility-buffer-sem2\vulkanproject\vulkanproject\release\plane.obj
\\stuhome\homedrive5$\1503395\github\visibility-buffer-sem2\vulkanproject\vulkanproject\release\main.obj
\\stuhome\homedrive5$\1503395\github\visibility-buffer-sem2\vulkanproject\vulkanproject\release\importedmodel.obj
\\stuhome\homedrive5$\1503395\github\visibility-buffer-sem2\vulkanproject\vulkanproject\release\imgui_widgets.obj
\\stuhome\homedrive5$\1503395\github\visibility-buffer-sem2\vulkanproject\vulkanproject\release\imgui_draw.obj
\\stuhome\homedrive5$\1503395\github\visibility-buffer-sem2\vulkanproject\vulkanproject\release\imgui_demo.obj
\\stuhome\homedrive5$\1503395\github\visibility-buffer-sem2\vulkanproject\vulkanproject\release\imguiinterface.obj
\\stuhome\homedrive5$\1503395\github\visibility-buffer-sem2\vulkanproject\vulkanproject\release\imgui.obj
\\stuhome\homedrive5$\1503395\github\visibility-buffer-sem2\vulkanproject\vulkanproject\release\camera.obj
\\stuhome\homedrive5$\1503395\github\visibility-buffer-sem2\vulkanproject\vulkanproject\release\basemodel.obj
\\stuhome\homedrive5$\1503395\github\visibility-buffer-sem2\vulkanproject\release\vulkanproject.exe
\\stuhome\homedrive5$\1503395\github\visibility-buffer-sem2\vulkanproject\release\vulkanproject.pdb
\\stuhome\homedrive5$\1503395\github\visibility-buffer-sem2\vulkanproject\release\vulkanproject.ipdb
\\stuhome\homedrive5$\1503395\github\visibility-buffer-sem2\vulkanproject\release\vulkanproject.iobj
m:\github\visibility-buffer-sem2\vulkanproject\vulkanproject\release\basemodel.obj
m:\github\visibility-buffer-sem2\vulkanproject\vulkanproject\release\camera.obj
m:\github\visibility-buffer-sem2\vulkanproject\vulkanproject\release\imgui.obj
m:\github\visibility-buffer-sem2\vulkanproject\vulkanproject\release\imguiinterface.obj
m:\github\visibility-buffer-sem2\vulkanproject\vulkanproject\release\imgui_demo.obj
m:\github\visibility-buffer-sem2\vulkanproject\vulkanproject\release\imgui_draw.obj
m:\github\visibility-buffer-sem2\vulkanproject\vulkanproject\release\imgui_widgets.obj
m:\github\visibility-buffer-sem2\vulkanproject\vulkanproject\release\importedmodel.obj
m:\github\visibility-buffer-sem2\vulkanproject\vulkanproject\release\main.obj
m:\github\visibility-buffer-sem2\vulkanproject\vulkanproject\release\plane.obj
m:\github\visibility-buffer-sem2\vulkanproject\vulkanproject\release\planemesh.obj
m:\github\visibility-buffer-sem2\vulkanproject\vulkanproject\release\renderer.obj
m:\github\visibility-buffer-sem2\vulkanproject\vulkanproject\release\shared.obj
m:\github\visibility-buffer-sem2\vulkanproject\vulkanproject\release\source.obj
m:\github\visibility-buffer-sem2\vulkanproject\vulkanproject\release\toolfunctions.obj
m:\github\visibility-buffer-sem2\vulkanproject\vulkanproject\release\visibilitybuffer.obj
m:\github\visibility-buffer-sem2\vulkanproject\vulkanproject\release\vulkanapplication.obj
m:\github\visibility-buffer-sem2\vulkanproject\vulkanproject\release\vulkandeferredapplication.obj
m:\github\visibility-buffer-sem2\vulkanproject\vulkanproject\release\window.obj
m:\github\visibility-buffer-sem2\vulkanproject\vulkanproject\release\nativecodeanalysis.read.1.tlog
m:\github\visibility-buffer-sem2\vulkanproject\vulkanproject\release\vc141.pdb
m:\github\visibility-buffer-sem2\vulkanproject\vulkanproject\release\imguiinterface.nativecodeanalysis.xml
m:\github\visibility-buffer-sem2\vulkanproject\vulkanproject\release\vc.nativecodeanalysis.all.xml
m:\github\visibility-buffer-sem2\vulkanproject\release\vulkanproject.pdb
m:\github\visibility-buffer-sem2\vulkanproject\release\vulkanproject.exe
m:\github\visibility-buffer-sem2\vulkanproject\release\vulkanproject.exe.lastcodeanalysissucceeded
m:\github\visibility-buffer-sem2\vulkanproject\vulkanproject\release\vulkanproject.tlog\cl.command.1.tlog
m:\github\visibility-buffer-sem2\vulkanproject\vulkanproject\release\vulkanproject.tlog\cl.read.1.tlog
m:\github\visibility-buffer-sem2\vulkanproject\vulkanproject\release\vulkanproject.tlog\cl.write.1.tlog
m:\github\visibility-buffer-sem2\vulkanproject\vulkanproject\release\vulkanproject.tlog\link.command.1.tlog
m:\github\visibility-buffer-sem2\vulkanproject\vulkanproject\release\vulkanproject.tlog\link.read.1.tlog
m:\github\visibility-buffer-sem2\vulkanproject\vulkanproject\release\vulkanproject.tlog\link.write.1.tlog
m:\github\visibility-buffer-sem2\vulkanproject\vulkanproject\release\vulkanproject.tlog\vulkanproject.write.1u.tlog
